{
  "C:/Users/User/Desktop/vite/React2023Q1/my-react-app/src/components/Header.tsx": {
    "path": "C:/Users/User/Desktop/vite/React2023Q1/my-react-app/src/components/Header.tsx",
    "statementMap": {
      "0": {
        "start": {
          "line": 3,
          "column": 18
        },
        "end": {
          "line": 25,
          "column": 1
        }
      },
      "1": {
        "start": {
          "line": 4,
          "column": 2
        },
        "end": {
          "line": 24,
          "column": 11
        }
      }
    },
    "fnMap": {
      "0": {
        "name": "(anonymous_0)",
        "decl": {
          "start": {
            "line": 3,
            "column": 18
          },
          "end": {
            "line": 3,
            "column": 19
          }
        },
        "loc": {
          "start": {
            "line": 3,
            "column": 24
          },
          "end": {
            "line": 25,
            "column": 1
          }
        },
        "line": 3
      }
    },
    "branchMap": {},
    "s": {
      "0": 2878,
      "1": 5756
    },
    "f": {
      "0": 5756
    },
    "b": {},
    "inputSourceMap": {
      "version": 3,
      "mappings": "AAMM;AALN,SAASA,eAAe;AAExB,MAAMC,YAAgBA,MAAM;AAC1B,SACE,uBAAC,YACC;AAAA,2BAAC,WAAQ,WAAU,eAAc,IAAG,KAAG,oBAAvC;AAAA;AAAA;AAAA;AAAA,WAEA;AAAA,IACA,uBAAC,WAAQ,WAAU,eAAc,IAAG,UAAQ,wBAA5C;AAAA;AAAA;AAAA;AAAA,WAEA;AAAA,IACA,uBAAC,WAAQ,WAAU,eAAc,IAAG,UAAQ,qBAA5C;AAAA;AAAA;AAAA;AAAA,WAEA;AAAA,OATF;AAAA;AAAA;AAAA;AAAA,SAUA;AAEJ;AAEA,eAAeA",
      "names": [
        "NavLink",
        "addHeader"
      ],
      "sources": [
        "C:/Users/User/Desktop/vite/React2023Q1/my-react-app/src/components/Header.tsx"
      ],
      "file": "C:/Users/User/Desktop/vite/React2023Q1/my-react-app/src/components/Header.tsx"
    },
    "_coverageSchema": "1a1c01bbd47fc00a2c39e90264f33305004495a9",
    "hash": "3bf96841ee46503d6a8a42c6b2f791f1eb00c1be"
  },
  "C:/Users/User/Desktop/vite/React2023Q1/my-react-app/src/components/Footer.tsx": {
    "path": "C:/Users/User/Desktop/vite/React2023Q1/my-react-app/src/components/Footer.tsx",
    "statementMap": {
      "0": {
        "start": {
          "line": 2,
          "column": 18
        },
        "end": {
          "line": 19,
          "column": 1
        }
      },
      "1": {
        "start": {
          "line": 3,
          "column": 2
        },
        "end": {
          "line": 18,
          "column": 11
        }
      }
    },
    "fnMap": {
      "0": {
        "name": "(anonymous_0)",
        "decl": {
          "start": {
            "line": 2,
            "column": 18
          },
          "end": {
            "line": 2,
            "column": 19
          }
        },
        "loc": {
          "start": {
            "line": 2,
            "column": 24
          },
          "end": {
            "line": 19,
            "column": 1
          }
        },
        "line": 2
      }
    },
    "branchMap": {},
    "s": {
      "0": 2878,
      "1": 5756
    },
    "f": {
      "0": 5756
    },
    "b": {},
    "inputSourceMap": {
      "version": 3,
      "mappings": "AAKM;AAHN,MAAMA,YAAgBA,MAAM;AAC1B,SACE,uBAAC,YACC;AAAA,2BAAC,OAAE,yBAAH;AAAA;AAAA;AAAA;AAAA,WAAY;AAAA,IACZ,uBAAC,OAAE,+BAAH;AAAA;AAAA;AAAA;AAAA,WAAkB;AAAA,OAFpB;AAAA;AAAA;AAAA;AAAA,SAGA;AAEJ;AAEA,eAAeA",
      "names": [
        "addFooter"
      ],
      "sources": [
        "C:/Users/User/Desktop/vite/React2023Q1/my-react-app/src/components/Footer.tsx"
      ],
      "file": "C:/Users/User/Desktop/vite/React2023Q1/my-react-app/src/components/Footer.tsx"
    },
    "_coverageSchema": "1a1c01bbd47fc00a2c39e90264f33305004495a9",
    "hash": "8909d6330236036d8fe55f7281c0a373bfea9fe5"
  },
  "C:/Users/User/Desktop/vite/React2023Q1/my-react-app/src/store/searchSlice.ts": {
    "path": "C:/Users/User/Desktop/vite/React2023Q1/my-react-app/src/store/searchSlice.ts",
    "statementMap": {
      "0": {
        "start": {
          "line": 2,
          "column": 21
        },
        "end": {
          "line": 4,
          "column": 1
        }
      },
      "1": {
        "start": {
          "line": 5,
          "column": 20
        },
        "end": {
          "line": 13,
          "column": 2
        }
      },
      "2": {
        "start": {
          "line": 10,
          "column": 6
        },
        "end": {
          "line": 10,
          "column": 41
        }
      },
      "3": {
        "start": {
          "line": 14,
          "column": 34
        },
        "end": {
          "line": 14,
          "column": 53
        }
      }
    },
    "fnMap": {
      "0": {
        "name": "(anonymous_0)",
        "decl": {
          "start": {
            "line": 9,
            "column": 4
          },
          "end": {
            "line": 9,
            "column": 5
          }
        },
        "loc": {
          "start": {
            "line": 9,
            "column": 34
          },
          "end": {
            "line": 11,
            "column": 5
          }
        },
        "line": 9
      }
    },
    "branchMap": {},
    "s": {
      "0": 2878,
      "1": 2878,
      "2": 178,
      "3": 2878
    },
    "f": {
      "0": 178
    },
    "b": {},
    "inputSourceMap": {
      "version": 3,
      "sources": [
        "C:/Users/User/Desktop/vite/React2023Q1/my-react-app/src/store/searchSlice.ts"
      ],
      "mappings": "AAAA,SAAS,mBAAmB;AAM5B,MAAM,eAA6B;AAAA,EACjC,aAAa;AACf;AAEA,MAAM,cAAc,YAAY;AAAA,EAC9B,MAAM;AAAA,EACN;AAAA,EACA,UAAU;AAAA,IACR,eAAe,OAAO,QAAQ;AAC5B,YAAM,cAAc,OAAO;AAAA,IAC7B;AAAA,EACF;AACF,CAAC;AAEM,aAAM,EAAE,eAAe,IAAI,YAAY;AAC9C,eAAe,YAAY;",
      "names": []
    },
    "_coverageSchema": "1a1c01bbd47fc00a2c39e90264f33305004495a9",
    "hash": "1ba2a163cd061c51d45469f242cc5894a262380d"
  },
  "C:/Users/User/Desktop/vite/React2023Q1/my-react-app/src/components/Modal.tsx": {
    "path": "C:/Users/User/Desktop/vite/React2023Q1/my-react-app/src/components/Modal.tsx",
    "statementMap": {
      "0": {
        "start": {
          "line": 5,
          "column": 0
        },
        "end": {
          "line": 15,
          "column": 1
        }
      },
      "1": {
        "start": {
          "line": 6,
          "column": 2
        },
        "end": {
          "line": 8,
          "column": 3
        }
      },
      "2": {
        "start": {
          "line": 7,
          "column": 4
        },
        "end": {
          "line": 7,
          "column": 165
        }
      },
      "3": {
        "start": {
          "line": 9,
          "column": 2
        },
        "end": {
          "line": 9,
          "column": 39
        }
      },
      "4": {
        "start": {
          "line": 10,
          "column": 2
        },
        "end": {
          "line": 10,
          "column": 39
        }
      },
      "5": {
        "start": {
          "line": 11,
          "column": 2
        },
        "end": {
          "line": 13,
          "column": 4
        }
      },
      "6": {
        "start": {
          "line": 12,
          "column": 4
        },
        "end": {
          "line": 12,
          "column": 120
        }
      },
      "7": {
        "start": {
          "line": 14,
          "column": 2
        },
        "end": {
          "line": 14,
          "column": 75
        }
      },
      "8": {
        "start": {
          "line": 22,
          "column": 6
        },
        "end": {
          "line": 22,
          "column": 11
        }
      },
      "9": {
        "start": {
          "line": 23,
          "column": 2
        },
        "end": {
          "line": 24,
          "column": 16
        }
      },
      "10": {
        "start": {
          "line": 24,
          "column": 4
        },
        "end": {
          "line": 24,
          "column": 16
        }
      },
      "11": {
        "start": {
          "line": 25,
          "column": 2
        },
        "end": {
          "line": 45,
          "column": 27
        }
      },
      "12": {
        "start": {
          "line": 26,
          "column": 4
        },
        "end": {
          "line": 28,
          "column": 5
        }
      },
      "13": {
        "start": {
          "line": 27,
          "column": 6
        },
        "end": {
          "line": 27,
          "column": 16
        }
      },
      "14": {
        "start": {
          "line": 47,
          "column": 0
        },
        "end": {
          "line": 47,
          "column": 11
        }
      },
      "15": {
        "start": {
          "line": 50,
          "column": 0
        },
        "end": {
          "line": 50,
          "column": 26
        }
      },
      "16": {
        "start": {
          "line": 51,
          "column": 0
        },
        "end": {
          "line": 64,
          "column": 1
        }
      },
      "17": {
        "start": {
          "line": 52,
          "column": 2
        },
        "end": {
          "line": 52,
          "column": 39
        }
      },
      "18": {
        "start": {
          "line": 53,
          "column": 2
        },
        "end": {
          "line": 53,
          "column": 39
        }
      },
      "19": {
        "start": {
          "line": 54,
          "column": 2
        },
        "end": {
          "line": 63,
          "column": 5
        }
      },
      "20": {
        "start": {
          "line": 55,
          "column": 4
        },
        "end": {
          "line": 55,
          "column": 146
        }
      },
      "21": {
        "start": {
          "line": 56,
          "column": 4
        },
        "end": {
          "line": 62,
          "column": 7
        }
      },
      "22": {
        "start": {
          "line": 57,
          "column": 6
        },
        "end": {
          "line": 58,
          "column": 15
        }
      },
      "23": {
        "start": {
          "line": 58,
          "column": 8
        },
        "end": {
          "line": 58,
          "column": 15
        }
      },
      "24": {
        "start": {
          "line": 59,
          "column": 32
        },
        "end": {
          "line": 59,
          "column": 115
        }
      },
      "25": {
        "start": {
          "line": 60,
          "column": 6
        },
        "end": {
          "line": 61,
          "column": 54
        }
      },
      "26": {
        "start": {
          "line": 61,
          "column": 8
        },
        "end": {
          "line": 61,
          "column": 54
        }
      }
    },
    "fnMap": {
      "0": {
        "name": "(anonymous_0)",
        "decl": {
          "start": {
            "line": 11,
            "column": 24
          },
          "end": {
            "line": 11,
            "column": 25
          }
        },
        "loc": {
          "start": {
            "line": 11,
            "column": 38
          },
          "end": {
            "line": 13,
            "column": 3
          }
        },
        "line": 11
      },
      "1": {
        "name": "Modal",
        "decl": {
          "start": {
            "line": 17,
            "column": 9
          },
          "end": {
            "line": 17,
            "column": 14
          }
        },
        "loc": {
          "start": {
            "line": 17,
            "column": 22
          },
          "end": {
            "line": 46,
            "column": 1
          }
        },
        "line": 17
      },
      "2": {
        "name": "(anonymous_2)",
        "decl": {
          "start": {
            "line": 25,
            "column": 113
          },
          "end": {
            "line": 25,
            "column": 114
          }
        },
        "loc": {
          "start": {
            "line": 25,
            "column": 120
          },
          "end": {
            "line": 29,
            "column": 3
          }
        },
        "line": 25
      },
      "3": {
        "name": "(anonymous_3)",
        "decl": {
          "start": {
            "line": 54,
            "column": 52
          },
          "end": {
            "line": 54,
            "column": 53
          }
        },
        "loc": {
          "start": {
            "line": 54,
            "column": 72
          },
          "end": {
            "line": 63,
            "column": 3
          }
        },
        "line": 54
      },
      "4": {
        "name": "(anonymous_4)",
        "decl": {
          "start": {
            "line": 56,
            "column": 27
          },
          "end": {
            "line": 56,
            "column": 28
          }
        },
        "loc": {
          "start": {
            "line": 56,
            "column": 44
          },
          "end": {
            "line": 62,
            "column": 5
          }
        },
        "line": 56
      }
    },
    "branchMap": {
      "0": {
        "loc": {
          "start": {
            "line": 5,
            "column": 0
          },
          "end": {
            "line": 15,
            "column": 1
          }
        },
        "type": "if",
        "locations": [
          {
            "start": {
              "line": 5,
              "column": 0
            },
            "end": {
              "line": 15,
              "column": 1
            }
          },
          {
            "start": {},
            "end": {}
          }
        ],
        "line": 5
      },
      "1": {
        "loc": {
          "start": {
            "line": 6,
            "column": 2
          },
          "end": {
            "line": 8,
            "column": 3
          }
        },
        "type": "if",
        "locations": [
          {
            "start": {
              "line": 6,
              "column": 2
            },
            "end": {
              "line": 8,
              "column": 3
            }
          },
          {
            "start": {},
            "end": {}
          }
        ],
        "line": 6
      },
      "2": {
        "loc": {
          "start": {
            "line": 23,
            "column": 2
          },
          "end": {
            "line": 24,
            "column": 16
          }
        },
        "type": "if",
        "locations": [
          {
            "start": {
              "line": 23,
              "column": 2
            },
            "end": {
              "line": 24,
              "column": 16
            }
          },
          {
            "start": {},
            "end": {}
          }
        ],
        "line": 23
      },
      "3": {
        "loc": {
          "start": {
            "line": 26,
            "column": 4
          },
          "end": {
            "line": 28,
            "column": 5
          }
        },
        "type": "if",
        "locations": [
          {
            "start": {
              "line": 26,
              "column": 4
            },
            "end": {
              "line": 28,
              "column": 5
            }
          },
          {
            "start": {},
            "end": {}
          }
        ],
        "line": 26
      },
      "4": {
        "loc": {
          "start": {
            "line": 51,
            "column": 0
          },
          "end": {
            "line": 64,
            "column": 1
          }
        },
        "type": "if",
        "locations": [
          {
            "start": {
              "line": 51,
              "column": 0
            },
            "end": {
              "line": 64,
              "column": 1
            }
          },
          {
            "start": {},
            "end": {}
          }
        ],
        "line": 51
      },
      "5": {
        "loc": {
          "start": {
            "line": 57,
            "column": 6
          },
          "end": {
            "line": 58,
            "column": 15
          }
        },
        "type": "if",
        "locations": [
          {
            "start": {
              "line": 57,
              "column": 6
            },
            "end": {
              "line": 58,
              "column": 15
            }
          },
          {
            "start": {},
            "end": {}
          }
        ],
        "line": 57
      },
      "6": {
        "loc": {
          "start": {
            "line": 60,
            "column": 6
          },
          "end": {
            "line": 61,
            "column": 54
          }
        },
        "type": "if",
        "locations": [
          {
            "start": {
              "line": 60,
              "column": 6
            },
            "end": {
              "line": 61,
              "column": 54
            }
          },
          {
            "start": {},
            "end": {}
          }
        ],
        "line": 60
      }
    },
    "s": {
      "0": 2878,
      "1": 2878,
      "2": 0,
      "3": 2878,
      "4": 2878,
      "5": 2878,
      "6": 2878,
      "7": 2878,
      "8": 482,
      "9": 482,
      "10": 0,
      "11": 482,
      "12": 86,
      "13": 0,
      "14": 2878,
      "15": 2878,
      "16": 2878,
      "17": 2878,
      "18": 2878,
      "19": 2878,
      "20": 2474,
      "21": 2474,
      "22": 0,
      "23": 0,
      "24": 0,
      "25": 0,
      "26": 0
    },
    "f": {
      "0": 2878,
      "1": 482,
      "2": 86,
      "3": 2474,
      "4": 0
    },
    "b": {
      "0": [
        2878,
        0
      ],
      "1": [
        0,
        2878
      ],
      "2": [
        0,
        482
      ],
      "3": [
        0,
        86
      ],
      "4": [
        2878,
        0
      ],
      "5": [
        0,
        0
      ],
      "6": [
        0,
        0
      ]
    },
    "inputSourceMap": {
      "version": 3,
      "mappings": "AA0BQ;AA1BR,2BAA0B;AAAO;AAAA;AAAA;AAAA;AAAA;AAAA;AAAA;AAAA;AAAA;AAAA;AAAA;AAAA;AAAA;AACjC,OAAOA,cAAc;AAQrB,SAASC,MAAMC,OAAc;AAC3B,QAAM;AAAA,IAAEC;AAAAA,IAAUC;AAAAA,IAAMC;AAAAA,EAAQ,IAAIH;AACpC,MAAI,CAACE;AAAM,WAAO;AAElB,SAAOJ,SAASM,aACd,uBAAC,SACC,WAAU,cACV,WAAQ,KACR,SAAUC,OAAM;AACd,QAAIA,EAAEC,kBAAkBD,EAAEE,QAAQ;AAChCJ,cAAO;AAAA,IACT;AAAA,EACF,GACA,eAAY,QAEZ,iCAAC,SAAI,WAAU,uBACZ;AAAA;AAAA,IACD,uBAAC,YAAO,WAAU,eAAc,MAAK,UAAS,SAASA,SAAQ,iBAA/D;AAAA;AAAA;AAAA;AAAA,WAEA;AAAA,IACCF;AAAAA,OALH;AAAA;AAAA;AAAA;AAAA,SAMA,KAhBF;AAAA;AAAA;AAAA;AAAA,SAiBA,GACAO,SAASC,IAAI;AAEjB;AAACC,KAzBQX;AA2BT,eAAeA;AAAM;AAAAY",
      "names": [
        "ReactDOM",
        "Modal",
        "props",
        "children",
        "open",
        "onClose",
        "createPortal",
        "e",
        "currentTarget",
        "target",
        "document",
        "body",
        "_c",
        "$RefreshReg$"
      ],
      "sources": [
        "C:/Users/User/Desktop/vite/React2023Q1/my-react-app/src/components/Modal.tsx"
      ],
      "file": "C:/Users/User/Desktop/vite/React2023Q1/my-react-app/src/components/Modal.tsx"
    },
    "_coverageSchema": "1a1c01bbd47fc00a2c39e90264f33305004495a9",
    "hash": "857ee3065d2c1573440e01168c7897b695fef7c0"
  },
  "C:/Users/User/Desktop/vite/React2023Q1/my-react-app/src/store/rickApi.ts": {
    "path": "C:/Users/User/Desktop/vite/React2023Q1/my-react-app/src/store/rickApi.ts",
    "statementMap": {
      "0": {
        "start": {
          "line": 2,
          "column": 23
        },
        "end": {
          "line": 10,
          "column": 2
        }
      },
      "1": {
        "start": {
          "line": 5,
          "column": 25
        },
        "end": {
          "line": 9,
          "column": 3
        }
      },
      "2": {
        "start": {
          "line": 7,
          "column": 23
        },
        "end": {
          "line": 7,
          "column": 42
        }
      },
      "3": {
        "start": {
          "line": 11,
          "column": 36
        },
        "end": {
          "line": 11,
          "column": 43
        }
      }
    },
    "fnMap": {
      "0": {
        "name": "(anonymous_0)",
        "decl": {
          "start": {
            "line": 5,
            "column": 13
          },
          "end": {
            "line": 5,
            "column": 14
          }
        },
        "loc": {
          "start": {
            "line": 5,
            "column": 25
          },
          "end": {
            "line": 9,
            "column": 3
          }
        },
        "line": 5
      },
      "1": {
        "name": "(anonymous_1)",
        "decl": {
          "start": {
            "line": 7,
            "column": 13
          },
          "end": {
            "line": 7,
            "column": 14
          }
        },
        "loc": {
          "start": {
            "line": 7,
            "column": 23
          },
          "end": {
            "line": 7,
            "column": 42
          }
        },
        "line": 7
      }
    },
    "branchMap": {},
    "s": {
      "0": 2878,
      "1": 2878,
      "2": 1782,
      "3": 2878
    },
    "f": {
      "0": 2878,
      "1": 1782
    },
    "b": {},
    "inputSourceMap": {
      "version": 3,
      "sources": [
        "C:/Users/User/Desktop/vite/React2023Q1/my-react-app/src/store/rickApi.ts"
      ],
      "mappings": "AAAA,SAAS,WAAW,sBAAsB;AAOnC,aAAM,UAAU,UAAU;AAAA,EAC/B,aAAa;AAAA,EACb,WAAW,eAAe,EAAE,SAAS,mCAAmC,CAAC;AAAA,EACzE,WAAW,CAAC,WAAW;AAAA,IACrB,UAAU,MAAM,MAAwB;AAAA,MACtC,OAAO,CAAC,SAAS,aAAa;AAAA,IAChC,CAAC;AAAA,EACH;AACF,CAAC;AAEM,aAAM,EAAE,iBAAiB,IAAI;",
      "names": []
    },
    "_coverageSchema": "1a1c01bbd47fc00a2c39e90264f33305004495a9",
    "hash": "76c79810a9b136fa5f71491e4cd3cdf11132e7c5"
  },
  "C:/Users/User/Desktop/vite/React2023Q1/my-react-app/src/store/cardApi.ts": {
    "path": "C:/Users/User/Desktop/vite/React2023Q1/my-react-app/src/store/cardApi.ts",
    "statementMap": {
      "0": {
        "start": {
          "line": 2,
          "column": 23
        },
        "end": {
          "line": 10,
          "column": 2
        }
      },
      "1": {
        "start": {
          "line": 5,
          "column": 25
        },
        "end": {
          "line": 9,
          "column": 3
        }
      },
      "2": {
        "start": {
          "line": 7,
          "column": 23
        },
        "end": {
          "line": 7,
          "column": 42
        }
      },
      "3": {
        "start": {
          "line": 11,
          "column": 35
        },
        "end": {
          "line": 11,
          "column": 42
        }
      }
    },
    "fnMap": {
      "0": {
        "name": "(anonymous_0)",
        "decl": {
          "start": {
            "line": 5,
            "column": 13
          },
          "end": {
            "line": 5,
            "column": 14
          }
        },
        "loc": {
          "start": {
            "line": 5,
            "column": 25
          },
          "end": {
            "line": 9,
            "column": 3
          }
        },
        "line": 5
      },
      "1": {
        "name": "(anonymous_1)",
        "decl": {
          "start": {
            "line": 7,
            "column": 13
          },
          "end": {
            "line": 7,
            "column": 14
          }
        },
        "loc": {
          "start": {
            "line": 7,
            "column": 23
          },
          "end": {
            "line": 7,
            "column": 42
          }
        },
        "line": 7
      }
    },
    "branchMap": {},
    "s": {
      "0": 2878,
      "1": 2878,
      "2": 1699,
      "3": 2878
    },
    "f": {
      "0": 2878,
      "1": 1699
    },
    "b": {},
    "inputSourceMap": {
      "version": 3,
      "sources": [
        "C:/Users/User/Desktop/vite/React2023Q1/my-react-app/src/store/cardApi.ts"
      ],
      "mappings": "AAAA,SAAS,WAAW,sBAAsB;AAOnC,aAAM,UAAU,UAAU;AAAA,EAC/B,aAAa;AAAA,EACb,WAAW,eAAe,EAAE,SAAS,mCAAmC,CAAC;AAAA,EACzE,WAAW,CAAC,WAAW;AAAA,IACrB,SAAS,MAAM,MAAwB;AAAA,MACrC,OAAO,CAAC,SAAS,aAAa;AAAA,IAChC,CAAC;AAAA,EACH;AACF,CAAC;AAEM,aAAM,EAAE,gBAAgB,IAAI;",
      "names": []
    },
    "_coverageSchema": "1a1c01bbd47fc00a2c39e90264f33305004495a9",
    "hash": "9254b93eeb8223c9e4c842e47f52f2ca52c3c423"
  },
  "C:/Users/User/Desktop/vite/React2023Q1/my-react-app/src/components/MyCharacter.tsx": {
    "path": "C:/Users/User/Desktop/vite/React2023Q1/my-react-app/src/components/MyCharacter.tsx",
    "statementMap": {
      "0": {
        "start": {
          "line": 5,
          "column": 0
        },
        "end": {
          "line": 15,
          "column": 1
        }
      },
      "1": {
        "start": {
          "line": 6,
          "column": 2
        },
        "end": {
          "line": 8,
          "column": 3
        }
      },
      "2": {
        "start": {
          "line": 7,
          "column": 4
        },
        "end": {
          "line": 7,
          "column": 165
        }
      },
      "3": {
        "start": {
          "line": 9,
          "column": 2
        },
        "end": {
          "line": 9,
          "column": 39
        }
      },
      "4": {
        "start": {
          "line": 10,
          "column": 2
        },
        "end": {
          "line": 10,
          "column": 39
        }
      },
      "5": {
        "start": {
          "line": 11,
          "column": 2
        },
        "end": {
          "line": 13,
          "column": 4
        }
      },
      "6": {
        "start": {
          "line": 12,
          "column": 4
        },
        "end": {
          "line": 12,
          "column": 126
        }
      },
      "7": {
        "start": {
          "line": 14,
          "column": 2
        },
        "end": {
          "line": 14,
          "column": 75
        }
      },
      "8": {
        "start": {
          "line": 16,
          "column": 9
        },
        "end": {
          "line": 16,
          "column": 23
        }
      },
      "9": {
        "start": {
          "line": 24,
          "column": 2
        },
        "end": {
          "line": 24,
          "column": 7
        }
      },
      "10": {
        "start": {
          "line": 25,
          "column": 26
        },
        "end": {
          "line": 25,
          "column": 38
        }
      },
      "11": {
        "start": {
          "line": 26,
          "column": 26
        },
        "end": {
          "line": 26,
          "column": 76
        }
      },
      "12": {
        "start": {
          "line": 26,
          "column": 50
        },
        "end": {
          "line": 26,
          "column": 75
        }
      },
      "13": {
        "start": {
          "line": 27,
          "column": 19
        },
        "end": {
          "line": 27,
          "column": 32
        }
      },
      "14": {
        "start": {
          "line": 28,
          "column": 20
        },
        "end": {
          "line": 28,
          "column": 58
        }
      },
      "15": {
        "start": {
          "line": 28,
          "column": 29
        },
        "end": {
          "line": 28,
          "column": 58
        }
      },
      "16": {
        "start": {
          "line": 29,
          "column": 28
        },
        "end": {
          "line": 34,
          "column": 4
        }
      },
      "17": {
        "start": {
          "line": 35,
          "column": 44
        },
        "end": {
          "line": 35,
          "column": 55
        }
      },
      "18": {
        "start": {
          "line": 36,
          "column": 17
        },
        "end": {
          "line": 36,
          "column": 61
        }
      },
      "19": {
        "start": {
          "line": 41,
          "column": 6
        },
        "end": {
          "line": 41,
          "column": 12
        }
      },
      "20": {
        "start": {
          "line": 42,
          "column": 21
        },
        "end": {
          "line": 42,
          "column": 56
        }
      },
      "21": {
        "start": {
          "line": 43,
          "column": 30
        },
        "end": {
          "line": 43,
          "column": 45
        }
      },
      "22": {
        "start": {
          "line": 44,
          "column": 2
        },
        "end": {
          "line": 53,
          "column": 9
        }
      },
      "23": {
        "start": {
          "line": 45,
          "column": 4
        },
        "end": {
          "line": 52,
          "column": 8
        }
      },
      "24": {
        "start": {
          "line": 46,
          "column": 6
        },
        "end": {
          "line": 51,
          "column": 7
        }
      },
      "25": {
        "start": {
          "line": 47,
          "column": 8
        },
        "end": {
          "line": 50,
          "column": 11
        }
      },
      "26": {
        "start": {
          "line": 54,
          "column": 2
        },
        "end": {
          "line": 66,
          "column": 13
        }
      },
      "27": {
        "start": {
          "line": 55,
          "column": 4
        },
        "end": {
          "line": 66,
          "column": 13
        }
      },
      "28": {
        "start": {
          "line": 67,
          "column": 2
        },
        "end": {
          "line": 256,
          "column": 11
        }
      },
      "29": {
        "start": {
          "line": 68,
          "column": 95
        },
        "end": {
          "line": 68,
          "column": 113
        }
      },
      "30": {
        "start": {
          "line": 70,
          "column": 8
        },
        "end": {
          "line": 73,
          "column": 11
        }
      },
      "31": {
        "start": {
          "line": 75,
          "column": 8
        },
        "end": {
          "line": 80,
          "column": 9
        }
      },
      "32": {
        "start": {
          "line": 76,
          "column": 10
        },
        "end": {
          "line": 78,
          "column": 11
        }
      },
      "33": {
        "start": {
          "line": 77,
          "column": 12
        },
        "end": {
          "line": 77,
          "column": 44
        }
      },
      "34": {
        "start": {
          "line": 79,
          "column": 10
        },
        "end": {
          "line": 79,
          "column": 38
        }
      },
      "35": {
        "start": {
          "line": 87,
          "column": 8
        },
        "end": {
          "line": 87,
          "column": 36
        }
      },
      "36": {
        "start": {
          "line": 99,
          "column": 96
        },
        "end": {
          "line": 99,
          "column": 112
        }
      },
      "37": {
        "start": {
          "line": 209,
          "column": 83
        },
        "end": {
          "line": 242,
          "column": 14
        }
      },
      "38": {
        "start": {
          "line": 210,
          "column": 8
        },
        "end": {
          "line": 210,
          "column": 24
        }
      },
      "39": {
        "start": {
          "line": 211,
          "column": 8
        },
        "end": {
          "line": 211,
          "column": 34
        }
      },
      "40": {
        "start": {
          "line": 258,
          "column": 0
        },
        "end": {
          "line": 260,
          "column": 3
        }
      },
      "41": {
        "start": {
          "line": 259,
          "column": 2
        },
        "end": {
          "line": 259,
          "column": 71
        }
      },
      "42": {
        "start": {
          "line": 261,
          "column": 0
        },
        "end": {
          "line": 261,
          "column": 17
        }
      },
      "43": {
        "start": {
          "line": 264,
          "column": 0
        },
        "end": {
          "line": 264,
          "column": 32
        }
      },
      "44": {
        "start": {
          "line": 265,
          "column": 0
        },
        "end": {
          "line": 278,
          "column": 1
        }
      },
      "45": {
        "start": {
          "line": 266,
          "column": 2
        },
        "end": {
          "line": 266,
          "column": 39
        }
      },
      "46": {
        "start": {
          "line": 267,
          "column": 2
        },
        "end": {
          "line": 267,
          "column": 39
        }
      },
      "47": {
        "start": {
          "line": 268,
          "column": 2
        },
        "end": {
          "line": 277,
          "column": 5
        }
      },
      "48": {
        "start": {
          "line": 269,
          "column": 4
        },
        "end": {
          "line": 269,
          "column": 152
        }
      },
      "49": {
        "start": {
          "line": 270,
          "column": 4
        },
        "end": {
          "line": 276,
          "column": 7
        }
      },
      "50": {
        "start": {
          "line": 271,
          "column": 6
        },
        "end": {
          "line": 272,
          "column": 15
        }
      },
      "51": {
        "start": {
          "line": 272,
          "column": 8
        },
        "end": {
          "line": 272,
          "column": 15
        }
      },
      "52": {
        "start": {
          "line": 273,
          "column": 32
        },
        "end": {
          "line": 273,
          "column": 115
        }
      },
      "53": {
        "start": {
          "line": 274,
          "column": 6
        },
        "end": {
          "line": 275,
          "column": 54
        }
      },
      "54": {
        "start": {
          "line": 275,
          "column": 8
        },
        "end": {
          "line": 275,
          "column": 54
        }
      }
    },
    "fnMap": {
      "0": {
        "name": "(anonymous_0)",
        "decl": {
          "start": {
            "line": 11,
            "column": 24
          },
          "end": {
            "line": 11,
            "column": 25
          }
        },
        "loc": {
          "start": {
            "line": 11,
            "column": 38
          },
          "end": {
            "line": 13,
            "column": 3
          }
        },
        "line": 11
      },
      "1": {
        "name": "MyCharacter",
        "decl": {
          "start": {
            "line": 23,
            "column": 9
          },
          "end": {
            "line": 23,
            "column": 20
          }
        },
        "loc": {
          "start": {
            "line": 23,
            "column": 23
          },
          "end": {
            "line": 257,
            "column": 1
          }
        },
        "line": 23
      },
      "2": {
        "name": "(anonymous_2)",
        "decl": {
          "start": {
            "line": 26,
            "column": 38
          },
          "end": {
            "line": 26,
            "column": 39
          }
        },
        "loc": {
          "start": {
            "line": 26,
            "column": 50
          },
          "end": {
            "line": 26,
            "column": 75
          }
        },
        "line": 26
      },
      "3": {
        "name": "(anonymous_3)",
        "decl": {
          "start": {
            "line": 28,
            "column": 20
          },
          "end": {
            "line": 28,
            "column": 21
          }
        },
        "loc": {
          "start": {
            "line": 28,
            "column": 29
          },
          "end": {
            "line": 28,
            "column": 58
          }
        },
        "line": 28
      },
      "4": {
        "name": "(anonymous_4)",
        "decl": {
          "start": {
            "line": 44,
            "column": 12
          },
          "end": {
            "line": 44,
            "column": 13
          }
        },
        "loc": {
          "start": {
            "line": 44,
            "column": 18
          },
          "end": {
            "line": 53,
            "column": 3
          }
        },
        "line": 44
      },
      "5": {
        "name": "ret",
        "decl": {
          "start": {
            "line": 45,
            "column": 20
          },
          "end": {
            "line": 45,
            "column": 23
          }
        },
        "loc": {
          "start": {
            "line": 45,
            "column": 26
          },
          "end": {
            "line": 52,
            "column": 5
          }
        },
        "line": 45
      },
      "6": {
        "name": "(anonymous_6)",
        "decl": {
          "start": {
            "line": 68,
            "column": 88
          },
          "end": {
            "line": 68,
            "column": 89
          }
        },
        "loc": {
          "start": {
            "line": 68,
            "column": 95
          },
          "end": {
            "line": 68,
            "column": 113
          }
        },
        "line": 68
      },
      "7": {
        "name": "(anonymous_7)",
        "decl": {
          "start": {
            "line": 69,
            "column": 143
          },
          "end": {
            "line": 69,
            "column": 144
          }
        },
        "loc": {
          "start": {
            "line": 69,
            "column": 150
          },
          "end": {
            "line": 74,
            "column": 7
          }
        },
        "line": 69
      },
      "8": {
        "name": "(anonymous_8)",
        "decl": {
          "start": {
            "line": 74,
            "column": 20
          },
          "end": {
            "line": 74,
            "column": 21
          }
        },
        "loc": {
          "start": {
            "line": 74,
            "column": 27
          },
          "end": {
            "line": 81,
            "column": 7
          }
        },
        "line": 74
      },
      "9": {
        "name": "(anonymous_9)",
        "decl": {
          "start": {
            "line": 86,
            "column": 66
          },
          "end": {
            "line": 86,
            "column": 67
          }
        },
        "loc": {
          "start": {
            "line": 86,
            "column": 72
          },
          "end": {
            "line": 88,
            "column": 7
          }
        },
        "line": 86
      },
      "10": {
        "name": "(anonymous_10)",
        "decl": {
          "start": {
            "line": 99,
            "column": 90
          },
          "end": {
            "line": 99,
            "column": 91
          }
        },
        "loc": {
          "start": {
            "line": 99,
            "column": 96
          },
          "end": {
            "line": 99,
            "column": 112
          }
        },
        "line": 99
      },
      "11": {
        "name": "(anonymous_11)",
        "decl": {
          "start": {
            "line": 209,
            "column": 57
          },
          "end": {
            "line": 209,
            "column": 58
          }
        },
        "loc": {
          "start": {
            "line": 209,
            "column": 83
          },
          "end": {
            "line": 242,
            "column": 14
          }
        },
        "line": 209
      },
      "12": {
        "name": "(anonymous_12)",
        "decl": {
          "start": {
            "line": 209,
            "column": 208
          },
          "end": {
            "line": 209,
            "column": 209
          }
        },
        "loc": {
          "start": {
            "line": 209,
            "column": 214
          },
          "end": {
            "line": 212,
            "column": 7
          }
        },
        "line": 209
      },
      "13": {
        "name": "(anonymous_13)",
        "decl": {
          "start": {
            "line": 258,
            "column": 55
          },
          "end": {
            "line": 258,
            "column": 56
          }
        },
        "loc": {
          "start": {
            "line": 258,
            "column": 66
          },
          "end": {
            "line": 260,
            "column": 1
          }
        },
        "line": 258
      },
      "14": {
        "name": "(anonymous_14)",
        "decl": {
          "start": {
            "line": 268,
            "column": 52
          },
          "end": {
            "line": 268,
            "column": 53
          }
        },
        "loc": {
          "start": {
            "line": 268,
            "column": 72
          },
          "end": {
            "line": 277,
            "column": 3
          }
        },
        "line": 268
      },
      "15": {
        "name": "(anonymous_15)",
        "decl": {
          "start": {
            "line": 270,
            "column": 27
          },
          "end": {
            "line": 270,
            "column": 28
          }
        },
        "loc": {
          "start": {
            "line": 270,
            "column": 44
          },
          "end": {
            "line": 276,
            "column": 5
          }
        },
        "line": 270
      }
    },
    "branchMap": {
      "0": {
        "loc": {
          "start": {
            "line": 5,
            "column": 0
          },
          "end": {
            "line": 15,
            "column": 1
          }
        },
        "type": "if",
        "locations": [
          {
            "start": {
              "line": 5,
              "column": 0
            },
            "end": {
              "line": 15,
              "column": 1
            }
          },
          {
            "start": {},
            "end": {}
          }
        ],
        "line": 5
      },
      "1": {
        "loc": {
          "start": {
            "line": 6,
            "column": 2
          },
          "end": {
            "line": 8,
            "column": 3
          }
        },
        "type": "if",
        "locations": [
          {
            "start": {
              "line": 6,
              "column": 2
            },
            "end": {
              "line": 8,
              "column": 3
            }
          },
          {
            "start": {},
            "end": {}
          }
        ],
        "line": 6
      },
      "2": {
        "loc": {
          "start": {
            "line": 46,
            "column": 6
          },
          "end": {
            "line": 51,
            "column": 7
          }
        },
        "type": "if",
        "locations": [
          {
            "start": {
              "line": 46,
              "column": 6
            },
            "end": {
              "line": 51,
              "column": 7
            }
          },
          {
            "start": {},
            "end": {}
          }
        ],
        "line": 46
      },
      "3": {
        "loc": {
          "start": {
            "line": 54,
            "column": 2
          },
          "end": {
            "line": 66,
            "column": 13
          }
        },
        "type": "if",
        "locations": [
          {
            "start": {
              "line": 54,
              "column": 2
            },
            "end": {
              "line": 66,
              "column": 13
            }
          },
          {
            "start": {},
            "end": {}
          }
        ],
        "line": 54
      },
      "4": {
        "loc": {
          "start": {
            "line": 75,
            "column": 8
          },
          "end": {
            "line": 80,
            "column": 9
          }
        },
        "type": "if",
        "locations": [
          {
            "start": {
              "line": 75,
              "column": 8
            },
            "end": {
              "line": 80,
              "column": 9
            }
          },
          {
            "start": {},
            "end": {}
          }
        ],
        "line": 75
      },
      "5": {
        "loc": {
          "start": {
            "line": 76,
            "column": 10
          },
          "end": {
            "line": 78,
            "column": 11
          }
        },
        "type": "if",
        "locations": [
          {
            "start": {
              "line": 76,
              "column": 10
            },
            "end": {
              "line": 78,
              "column": 11
            }
          },
          {
            "start": {},
            "end": {}
          }
        ],
        "line": 76
      },
      "6": {
        "loc": {
          "start": {
            "line": 99,
            "column": 6
          },
          "end": {
            "line": 170,
            "column": 14
          }
        },
        "type": "binary-expr",
        "locations": [
          {
            "start": {
              "line": 99,
              "column": 6
            },
            "end": {
              "line": 99,
              "column": 21
            }
          },
          {
            "start": {
              "line": 99,
              "column": 25
            },
            "end": {
              "line": 99,
              "column": 31
            }
          },
          {
            "start": {
              "line": 99,
              "column": 51
            },
            "end": {
              "line": 170,
              "column": 14
            }
          }
        ],
        "line": 99
      },
      "7": {
        "loc": {
          "start": {
            "line": 143,
            "column": 10
          },
          "end": {
            "line": 143,
            "column": 50
          }
        },
        "type": "binary-expr",
        "locations": [
          {
            "start": {
              "line": 143,
              "column": 10
            },
            "end": {
              "line": 143,
              "column": 31
            }
          },
          {
            "start": {
              "line": 143,
              "column": 35
            },
            "end": {
              "line": 143,
              "column": 50
            }
          }
        ],
        "line": 143
      },
      "8": {
        "loc": {
          "start": {
            "line": 156,
            "column": 10
          },
          "end": {
            "line": 156,
            "column": 52
          }
        },
        "type": "binary-expr",
        "locations": [
          {
            "start": {
              "line": 156,
              "column": 10
            },
            "end": {
              "line": 156,
              "column": 33
            }
          },
          {
            "start": {
              "line": 156,
              "column": 37
            },
            "end": {
              "line": 156,
              "column": 52
            }
          }
        ],
        "line": 156
      },
      "9": {
        "loc": {
          "start": {
            "line": 171,
            "column": 48
          },
          "end": {
            "line": 242,
            "column": 15
          }
        },
        "type": "cond-expr",
        "locations": [
          {
            "start": {
              "line": 171,
              "column": 72
            },
            "end": {
              "line": 191,
              "column": 14
            }
          },
          {
            "start": {
              "line": 191,
              "column": 17
            },
            "end": {
              "line": 242,
              "column": 15
            }
          }
        ],
        "line": 171
      },
      "10": {
        "loc": {
          "start": {
            "line": 191,
            "column": 17
          },
          "end": {
            "line": 242,
            "column": 15
          }
        },
        "type": "cond-expr",
        "locations": [
          {
            "start": {
              "line": 191,
              "column": 45
            },
            "end": {
              "line": 209,
              "column": 14
            }
          },
          {
            "start": {
              "line": 209,
              "column": 17
            },
            "end": {
              "line": 242,
              "column": 15
            }
          }
        ],
        "line": 191
      },
      "11": {
        "loc": {
          "start": {
            "line": 209,
            "column": 17
          },
          "end": {
            "line": 242,
            "column": 15
          }
        },
        "type": "binary-expr",
        "locations": [
          {
            "start": {
              "line": 209,
              "column": 17
            },
            "end": {
              "line": 209,
              "column": 27
            }
          },
          {
            "start": {
              "line": 209,
              "column": 31
            },
            "end": {
              "line": 209,
              "column": 35
            }
          },
          {
            "start": {
              "line": 209,
              "column": 39
            },
            "end": {
              "line": 242,
              "column": 15
            }
          }
        ],
        "line": 209
      },
      "12": {
        "loc": {
          "start": {
            "line": 265,
            "column": 0
          },
          "end": {
            "line": 278,
            "column": 1
          }
        },
        "type": "if",
        "locations": [
          {
            "start": {
              "line": 265,
              "column": 0
            },
            "end": {
              "line": 278,
              "column": 1
            }
          },
          {
            "start": {},
            "end": {}
          }
        ],
        "line": 265
      },
      "13": {
        "loc": {
          "start": {
            "line": 271,
            "column": 6
          },
          "end": {
            "line": 272,
            "column": 15
          }
        },
        "type": "if",
        "locations": [
          {
            "start": {
              "line": 271,
              "column": 6
            },
            "end": {
              "line": 272,
              "column": 15
            }
          },
          {
            "start": {},
            "end": {}
          }
        ],
        "line": 271
      },
      "14": {
        "loc": {
          "start": {
            "line": 274,
            "column": 6
          },
          "end": {
            "line": 275,
            "column": 54
          }
        },
        "type": "if",
        "locations": [
          {
            "start": {
              "line": 274,
              "column": 6
            },
            "end": {
              "line": 275,
              "column": 54
            }
          },
          {
            "start": {},
            "end": {}
          }
        ],
        "line": 274
      }
    },
    "s": {
      "0": 2878,
      "1": 2878,
      "2": 0,
      "3": 2878,
      "4": 2878,
      "5": 2878,
      "6": 2878,
      "7": 2878,
      "8": 2878,
      "9": 18558,
      "10": 18558,
      "11": 17528,
      "12": 32619,
      "13": 17528,
      "14": 17528,
      "15": 178,
      "16": 17528,
      "17": 17528,
      "18": 17528,
      "19": 17528,
      "20": 17528,
      "21": 17528,
      "22": 17528,
      "23": 3208,
      "24": 3208,
      "25": 0,
      "26": 17528,
      "27": 6604,
      "28": 10924,
      "29": 0,
      "30": 1781,
      "31": 1781,
      "32": 0,
      "33": 0,
      "34": 0,
      "35": 178,
      "36": 70,
      "37": 133144,
      "38": 158,
      "39": 158,
      "40": 2878,
      "41": 1606,
      "42": 2878,
      "43": 2878,
      "44": 2878,
      "45": 2878,
      "46": 2878,
      "47": 2878,
      "48": 2436,
      "49": 2436,
      "50": 0,
      "51": 0,
      "52": 0,
      "53": 0,
      "54": 0
    },
    "f": {
      "0": 2878,
      "1": 18558,
      "2": 32619,
      "3": 178,
      "4": 3208,
      "5": 3208,
      "6": 0,
      "7": 1781,
      "8": 1781,
      "9": 178,
      "10": 70,
      "11": 133144,
      "12": 158,
      "13": 1606,
      "14": 2436,
      "15": 0
    },
    "b": {
      "0": [
        2878,
        0
      ],
      "1": [
        0,
        2878
      ],
      "2": [
        0,
        3208
      ],
      "3": [
        6604,
        10924
      ],
      "4": [
        0,
        1781
      ],
      "5": [
        0,
        0
      ],
      "6": [
        10924,
        5748,
        482
      ],
      "7": [
        482,
        454
      ],
      "8": [
        482,
        0
      ],
      "9": [
        4254,
        6670
      ],
      "10": [
        0,
        6670
      ],
      "11": [
        6670,
        6670,
        6670
      ],
      "12": [
        2878,
        0
      ],
      "13": [
        0,
        0
      ],
      "14": [
        0,
        0
      ]
    },
    "inputSourceMap": {
      "version": 3,
      "mappings": "AAmDgB,SA0DJ,UA1DI;;;;;;;;;;;;;;;;AAnDhB,OAAOA,SAASC,WAAWC,QAAQC,gBAAgB;AACnD,SAASC,aAAaC,mBAAmB;AAEzC,SAASC,sBAAsB;AAE/B,OAAOC,WAAW;AAElB,SAASC,wBAAwB;AACjC,SAASC,uBAAuB;AAEhC,SAASC,cAAc;AAAAC;AACrB,QAAMC,kBAAkBV,OAAyB,IAAI;AAErD,QAAMW,kBAAkBT,YAAY,CAACU,WAAqBA,OAAMC,OAAOC,WAAW;AAElF,QAAMC,WAAWZ,YAAW;AAE5B,QAAMa,YAAYA,CAACC,QAAgBF,SAASX,eAAea,GAAG,CAAC;AAE/D,QAAM,CAACL,OAAOM,QAAQ,IAAIjB,SAAiB;AAAA,IACzCkB,OAAO;AAAA,IACPC,UAAU;AAAA,IACVC,OAAO;AAAA,IACPC,YAAYX;AAAAA,EACd,CAAC;AACD,QAAM,CAACY,eAAeC,gBAAgB,IAAIvB,SAAS,CAAC;AAEpD,QAAMwB,SAASnB,iBAAkB,SAAQK,iBAAiB;AAI1D,QAAM;AAAA,IAAEe;AAAAA,IAAMC;AAAAA,IAAWR;AAAAA,EAAM,IAAIM;AAEnC,QAAMG,aAAarB,gBAAiB,GAAEgB,eAAe;AAErD,QAAM,CAACM,QAAQC,SAAS,IAAI7B,SAAS,KAAK;AAE1CF,YAAU,MAAM;AACd,WAAQ,SAASgC,MAAM;AACrB,UAAIpB,iBAAiB;AACnBO,iBAAS;AAAA,UACP,GAAGN;AAAAA,UACHU,YAAYX;AAAAA,QACd,CAAC;AAAA,MACH;AAAA,IACF,EAAC;AAAA,EACH,GAAG,EAAE;AAEL,MAAIgB;AACF,WACE,uBAAC,SAAI,WAAU,QAAM;AAAA;AAAA,MACX,uBAAC,UAAK,iBAAN;AAAA;AAAA;AAAA;AAAA,aAAO;AAAA,SADjB;AAAA;AAAA;AAAA;AAAA,WAEA;AAGJ,SACE,mCACE;AAAA,2BAAC,UAAK,QAAO,IAAG,WAAU,kBAAiB,UAAWK,OAAMA,EAAEC,eAAc,GAC1E;AAAA,6BAAC,WACC,WAAU,oBACV,MAAK,QACL,aAAY,UACZ,OAAOrB,MAAMU,YACb,UAAWU,OAAM;AACfd,iBAAS;AAAA,UAAE,GAAGN;AAAAA,UAAOU,YAAYU,EAAEE,OAAOC;AAAAA,QAAM,CAAC;AAAA,MACnD,GACA,WAAYH,OAAM;AAChB,YAAIA,EAAEI,QAAQ,SAAS;AACrB,cAAI1B,gBAAgB2B,SAAS;AAC3B3B,4BAAgB2B,QAAQC,MAAK;AAAA,UAC/B;AACAtB,oBAAUJ,MAAMU,UAAU;AAAA,QAC5B;AAAA,MACF,GACA,KAAKZ,mBAhBP;AAAA;AAAA;AAAA;AAAA,aAgBuB;AAAA,MAEvB,uBAAC,YACC,MAAK,UACL,SAAS,MAAM;AACbM,kBAAUJ,MAAMU,UAAU;AAAA,MAC5B,GAAE,sBAJJ;AAAA;AAAA;AAAA;AAAA,aAOA;AAAA,SA1BF;AAAA;AAAA;AAAA;AAAA,WA2BA;AAAA,IAEA,uBAAC,SAAI,WAAU,cACZM;AAAAA,iBAAWF,QAAQG,UAClB,uBAAC,SAAM,MAAMA,QAAQ,SAAS,MAAMC,UAAU,KAAK,GACjD,iCAAC,SAAI,WAAU,kBACb;AAAA,+BAAC,QAAIF,qBAAWF,MAAMa,QAAtB;AAAA;AAAA;AAAA;AAAA,eAA2B;AAAA,QAC3B,uBAAC,SAAI,KAAKX,WAAWF,MAAMc,OAAO,KAAKZ,WAAWF,MAAMa,QAAxD;AAAA;AAAA;AAAA;AAAA,eAA6D;AAAA,QAC7D,uBAAC,OACC;AAAA,iCAAC,OAAE,uBAAH;AAAA;AAAA;AAAA;AAAA,iBAAU;AAAA,UAAI;AAAA,UAAEX,WAAWF,MAAMe;AAAAA,aADnC;AAAA;AAAA;AAAA;AAAA,eAEA;AAAA,QACA,uBAAC,OACC;AAAA,iCAAC,OAAE,wBAAH;AAAA;AAAA;AAAA;AAAA,iBAAW;AAAA,UAAI;AAAA,UAAEb,WAAWF,MAAMgB;AAAAA,aADpC;AAAA;AAAA;AAAA;AAAA,eAEA;AAAA,QACA,uBAAC,OACC;AAAA,iCAAC,OAAE,qBAAH;AAAA;AAAA;AAAA;AAAA,iBAAQ;AAAA,UAAI;AAAA,UAAEd,WAAWF,MAAMiB,QAAQ;AAAA,aADzC;AAAA;AAAA;AAAA;AAAA,eAEA;AAAA,QACA,uBAAC,OACC;AAAA,iCAAC,OAAE,uBAAH;AAAA;AAAA;AAAA;AAAA,iBAAU;AAAA,UAAI;AAAA,UAAEf,WAAWF,MAAMkB,UAAU;AAAA,aAD7C;AAAA;AAAA;AAAA;AAAA,eAEA;AAAA,WAdF;AAAA;AAAA;AAAA;AAAA,aAeA,KAhBF;AAAA;AAAA;AAAA;AAAA,aAiBA;AAAA,MAEF,uBAAC,SACEzB,kBACC,mCACG;AAAA;AAAA,QACD,uBAAC,QAAE;AAAA;AAAA,UAC4B,GAAEA,MAAMyB;AAAAA,UACrC,uBAAC,UAAD;AAAA;AAAA;AAAA;AAAA,iBAAG;AAAA,UACD,GAAEzB,MAAMO,KAAKP;AAAAA,aAHjB;AAAA;AAAA;AAAA;AAAA,eAIA;AAAA,WANF;AAAA;AAAA;AAAA;AAAA,aAOA,IACEQ,YACF,mCACG;AAAA;AAAA,QACD,uBAAC,SAAI,WAAU,QAAM;AAAA;AAAA,UACX,uBAAC,UAAK,iBAAN;AAAA;AAAA;AAAA;AAAA,iBAAO;AAAA,aADjB;AAAA;AAAA;AAAA;AAAA,eAEA;AAAA,WAJF;AAAA;AAAA;AAAA;AAAA,aAKA,IAEA,CAACA,aACDD,QACAA,KAAKmB,SAASC,IAAKC,UACjB,uBAAC,MAAM,UAAN,EACC,iCAAC,aACC,WAAU,aACV,IAAIC,OAAOD,KAAKE,EAAE,GAClB,SAAS,MAAM;AACbnB,kBAAU,IAAI;AACdN,yBAAiBuB,KAAKE,EAAE;AAAA,MAC1B,GACA,eAAY,QAEZ;AAAA,+BAAC,aACC,iCAAC,SAAI,WAAU,cAAa,KAAKF,KAAKP,OAAO,KAAI,eAAjD;AAAA;AAAA;AAAA;AAAA,eAA4D,KAD9D;AAAA;AAAA;AAAA;AAAA,eAEA;AAAA,QACA,uBAAC,aAAQ,WAAU,oBAAkB;AAAA;AAAA,UAC9B,uBAAC,OAAGO,eAAKR,QAAT;AAAA;AAAA;AAAA;AAAA,iBAAc;AAAA,aADrB;AAAA;AAAA;AAAA;AAAA,eAEA;AAAA,WAdF;AAAA;AAAA;AAAA;AAAA,aAeA,KAhBmBQ,KAAKE,IAA1B;AAAA;AAAA;AAAA;AAAA,aAiBA,CACD,KAvCL;AAAA;AAAA;AAAA;AAAA,aAyCA;AAAA,SA9DF;AAAA;AAAA;AAAA;AAAA,WA+DA;AAAA,OA7FF;AAAA;AAAA;AAAA;AAAA,SA8FA;AAEJ;AAACxC,GA9IQD,aAAW;AAAA,UAGMN,aAEPC,aAYFG,kBAMIC,eAAe;AAAA;AAAA2C,KAvB3B1C;AAgJT,eAAeA;AAAY;AAAA2C",
      "names": [
        "React",
        "useEffect",
        "useRef",
        "useState",
        "useSelector",
        "useDispatch",
        "addSeachString",
        "Modal",
        "useGetCardsQuery",
        "useGetCardQuery",
        "MyCharacter",
        "_s",
        "buttonRefSearch",
        "inputStateValue",
        "state",
        "search",
        "seachString",
        "dispatch",
        "addSearch",
        "qqq",
        "setState",
        "error",
        "isLoaded",
        "items",
        "inputValue",
        "currentCardId",
        "setCurrentCardId",
        "result",
        "data",
        "isLoading",
        "resultCard",
        "isOpen",
        "setIsOpen",
        "ret",
        "e",
        "preventDefault",
        "target",
        "value",
        "key",
        "current",
        "click",
        "name",
        "image",
        "gender",
        "species",
        "type",
        "status",
        "results",
        "map",
        "item",
        "String",
        "id",
        "_c",
        "$RefreshReg$"
      ],
      "sources": [
        "C:/Users/User/Desktop/vite/React2023Q1/my-react-app/src/components/MyCharacter.tsx"
      ],
      "file": "C:/Users/User/Desktop/vite/React2023Q1/my-react-app/src/components/MyCharacter.tsx"
    },
    "_coverageSchema": "1a1c01bbd47fc00a2c39e90264f33305004495a9",
    "hash": "4872a735bcab1aeb54cab568b0dba26e51c770ee"
  },
  "C:/Users/User/Desktop/vite/React2023Q1/my-react-app/src/pages/Mainpage.tsx": {
    "path": "C:/Users/User/Desktop/vite/React2023Q1/my-react-app/src/pages/Mainpage.tsx",
    "statementMap": {
      "0": {
        "start": {
          "line": 3,
          "column": 20
        },
        "end": {
          "line": 9,
          "column": 1
        }
      },
      "1": {
        "start": {
          "line": 4,
          "column": 2
        },
        "end": {
          "line": 8,
          "column": 11
        }
      }
    },
    "fnMap": {
      "0": {
        "name": "(anonymous_0)",
        "decl": {
          "start": {
            "line": 3,
            "column": 20
          },
          "end": {
            "line": 3,
            "column": 21
          }
        },
        "loc": {
          "start": {
            "line": 3,
            "column": 26
          },
          "end": {
            "line": 9,
            "column": 1
          }
        },
        "line": 3
      }
    },
    "branchMap": {},
    "s": {
      "0": 2878,
      "1": 4242
    },
    "f": {
      "0": 4242
    },
    "b": {},
    "inputSourceMap": {
      "version": 3,
      "mappings": "AAIS;AAHT,OAAOA,mBAAmB;AAE1B,MAAMC,cAAkBA,MAAM;AAC5B,SAAO,uBAAC,mBAAD;AAAA;AAAA;AAAA;AAAA,SAAc;AACvB;AAEA,eAAeA",
      "names": [
        "CardComponent",
        "addMainPage"
      ],
      "sources": [
        "C:/Users/User/Desktop/vite/React2023Q1/my-react-app/src/pages/Mainpage.tsx"
      ],
      "file": "C:/Users/User/Desktop/vite/React2023Q1/my-react-app/src/pages/Mainpage.tsx"
    },
    "_coverageSchema": "1a1c01bbd47fc00a2c39e90264f33305004495a9",
    "hash": "d895b895d63c2706a175584ebe5b2f34f9d8e93c"
  },
  "C:/Users/User/Desktop/vite/React2023Q1/my-react-app/src/pages/Aboutpage.tsx": {
    "path": "C:/Users/User/Desktop/vite/React2023Q1/my-react-app/src/pages/Aboutpage.tsx",
    "statementMap": {
      "0": {
        "start": {
          "line": 2,
          "column": 21
        },
        "end": {
          "line": 33,
          "column": 1
        }
      },
      "1": {
        "start": {
          "line": 3,
          "column": 2
        },
        "end": {
          "line": 32,
          "column": 11
        }
      }
    },
    "fnMap": {
      "0": {
        "name": "(anonymous_0)",
        "decl": {
          "start": {
            "line": 2,
            "column": 21
          },
          "end": {
            "line": 2,
            "column": 22
          }
        },
        "loc": {
          "start": {
            "line": 2,
            "column": 27
          },
          "end": {
            "line": 33,
            "column": 1
          }
        },
        "line": 2
      }
    },
    "branchMap": {},
    "s": {
      "0": 2878,
      "1": 1078
    },
    "f": {
      "0": 1078
    },
    "b": {},
    "inputSourceMap": {
      "version": 3,
      "mappings": "AAKM;AAHN,MAAMA,eAAmBA,MAAM;AAC7B,SACE,uBAAC,SAAI,WAAU,iBACb;AAAA,2BAAC,QAAG,8BAAJ;AAAA;AAAA;AAAA;AAAA,WAAkB;AAAA,IAClB,uBAAC,OAAC;AAAA;AAAA,MAUA,uBAAC,UAAD;AAAA;AAAA;AAAA;AAAA,aAAG;AAAA,MAAG;AAAA,MAQsD,uBAAC,UAAD;AAAA;AAAA;AAAA;AAAA,aAAG;AAAA;AAAA,SAlBjE;AAAA;AAAA;AAAA;AAAA,WAwBA;AAAA,OA1BF;AAAA;AAAA;AAAA;AAAA,SA2BA;AAEJ;AAEA,eAAeA",
      "names": [
        "addAboutPage"
      ],
      "sources": [
        "C:/Users/User/Desktop/vite/React2023Q1/my-react-app/src/pages/Aboutpage.tsx"
      ],
      "file": "C:/Users/User/Desktop/vite/React2023Q1/my-react-app/src/pages/Aboutpage.tsx"
    },
    "_coverageSchema": "1a1c01bbd47fc00a2c39e90264f33305004495a9",
    "hash": "f5dc52cc7aa289c26da2bc378734824e4faf1e02"
  },
  "C:/Users/User/Desktop/vite/React2023Q1/my-react-app/src/pages/Errorpage.tsx": {
    "path": "C:/Users/User/Desktop/vite/React2023Q1/my-react-app/src/pages/Errorpage.tsx",
    "statementMap": {
      "0": {
        "start": {
          "line": 2,
          "column": 21
        },
        "end": {
          "line": 19,
          "column": 1
        }
      },
      "1": {
        "start": {
          "line": 3,
          "column": 2
        },
        "end": {
          "line": 18,
          "column": 11
        }
      }
    },
    "fnMap": {
      "0": {
        "name": "(anonymous_0)",
        "decl": {
          "start": {
            "line": 2,
            "column": 21
          },
          "end": {
            "line": 2,
            "column": 22
          }
        },
        "loc": {
          "start": {
            "line": 2,
            "column": 27
          },
          "end": {
            "line": 19,
            "column": 1
          }
        },
        "line": 2
      }
    },
    "branchMap": {},
    "s": {
      "0": 2878,
      "1": 140
    },
    "f": {
      "0": 140
    },
    "b": {},
    "inputSourceMap": {
      "version": 3,
      "mappings": "AAKM;AAHN,MAAMA,eAAmBA,MAAM;AAC7B,SACE,uBAAC,SAAI,WAAU,cACb;AAAA,2BAAC,QAAG,mBAAJ;AAAA;AAAA;AAAA;AAAA,WAAO;AAAA,IACP,uBAAC,QAAE,iJAAH;AAAA;AAAA;AAAA;AAAA,WAGA;AAAA,OALF;AAAA;AAAA;AAAA;AAAA,SAMA;AAEJ;AAEA,eAAeA",
      "names": [
        "addErrorPage"
      ],
      "sources": [
        "C:/Users/User/Desktop/vite/React2023Q1/my-react-app/src/pages/Errorpage.tsx"
      ],
      "file": "C:/Users/User/Desktop/vite/React2023Q1/my-react-app/src/pages/Errorpage.tsx"
    },
    "_coverageSchema": "1a1c01bbd47fc00a2c39e90264f33305004495a9",
    "hash": "15a0e5f879eda1509dfd502b2b7d6768028fc7de"
  },
  "C:/Users/User/Desktop/vite/React2023Q1/my-react-app/src/utils/utils.tsx": {
    "path": "C:/Users/User/Desktop/vite/React2023Q1/my-react-app/src/utils/utils.tsx",
    "statementMap": {
      "0": {
        "start": {
          "line": 2,
          "column": 23
        },
        "end": {
          "line": 2,
          "column": 44
        }
      },
      "1": {
        "start": {
          "line": 3,
          "column": 18
        },
        "end": {
          "line": 3,
          "column": 47
        }
      },
      "2": {
        "start": {
          "line": 4,
          "column": 2
        },
        "end": {
          "line": 4,
          "column": 17
        }
      }
    },
    "fnMap": {
      "0": {
        "name": "validateTextInput",
        "decl": {
          "start": {
            "line": 1,
            "column": 24
          },
          "end": {
            "line": 1,
            "column": 41
          }
        },
        "loc": {
          "start": {
            "line": 1,
            "column": 54
          },
          "end": {
            "line": 5,
            "column": 1
          }
        },
        "line": 1
      }
    },
    "branchMap": {},
    "s": {
      "0": 129,
      "1": 129,
      "2": 129
    },
    "f": {
      "0": 129
    },
    "b": {},
    "inputSourceMap": {
      "version": 3,
      "mappings": "AAAA,wBAAwBA,kBAAkBC,YAAoB;AAC5D,QAAMC,eAAe;AACrB,QAAMC,UAAUD,aAAaE,KAAKH,UAAU;AAC5C,SAAOE;AACT",
      "names": [
        "validateTextInput",
        "inputValue",
        "lettersRegex",
        "isValid",
        "test"
      ],
      "sources": [
        "C:/Users/User/Desktop/vite/React2023Q1/my-react-app/src/utils/utils.tsx"
      ],
      "file": "C:/Users/User/Desktop/vite/React2023Q1/my-react-app/src/utils/utils.tsx"
    },
    "_coverageSchema": "1a1c01bbd47fc00a2c39e90264f33305004495a9",
    "hash": "1e2f1efc287e3883fea9fe25a011a97bc18b27aa"
  },
  "C:/Users/User/Desktop/vite/React2023Q1/my-react-app/src/store/formSlice.ts": {
    "path": "C:/Users/User/Desktop/vite/React2023Q1/my-react-app/src/store/formSlice.ts",
    "statementMap": {
      "0": {
        "start": {
          "line": 2,
          "column": 21
        },
        "end": {
          "line": 4,
          "column": 1
        }
      },
      "1": {
        "start": {
          "line": 5,
          "column": 18
        },
        "end": {
          "line": 13,
          "column": 2
        }
      },
      "2": {
        "start": {
          "line": 10,
          "column": 6
        },
        "end": {
          "line": 10,
          "column": 39
        }
      },
      "3": {
        "start": {
          "line": 14,
          "column": 31
        },
        "end": {
          "line": 14,
          "column": 48
        }
      }
    },
    "fnMap": {
      "0": {
        "name": "(anonymous_0)",
        "decl": {
          "start": {
            "line": 9,
            "column": 4
          },
          "end": {
            "line": 9,
            "column": 5
          }
        },
        "loc": {
          "start": {
            "line": 9,
            "column": 31
          },
          "end": {
            "line": 11,
            "column": 5
          }
        },
        "line": 9
      }
    },
    "branchMap": {},
    "s": {
      "0": 2878,
      "1": 2878,
      "2": 63,
      "3": 2878
    },
    "f": {
      "0": 63
    },
    "b": {},
    "inputSourceMap": {
      "version": 3,
      "sources": [
        "C:/Users/User/Desktop/vite/React2023Q1/my-react-app/src/store/formSlice.ts"
      ],
      "mappings": "AAAA,SAAS,mBAAmB;AAO5B,MAAM,eAA2B;AAAA,EAC/B,OAAO,CAAC,IAAI;AACd;AAEA,MAAM,YAAY,YAAY;AAAA,EAC5B,MAAM;AAAA,EACN;AAAA,EACA,UAAU;AAAA,IACR,YAAY,OAAO,QAAQ;AACzB,YAAM,MAAM,KAAK,OAAO,OAAO;AAAA,IACjC;AAAA,EACF;AACF,CAAC;AAEM,aAAM,EAAE,YAAY,IAAI,UAAU;AACzC,eAAe,UAAU;",
      "names": []
    },
    "_coverageSchema": "1a1c01bbd47fc00a2c39e90264f33305004495a9",
    "hash": "7e807b9bab1daa27985441d0f5b906347e0f9cb8"
  },
  "C:/Users/User/Desktop/vite/React2023Q1/my-react-app/src/components/MyForm.tsx": {
    "path": "C:/Users/User/Desktop/vite/React2023Q1/my-react-app/src/components/MyForm.tsx",
    "statementMap": {
      "0": {
        "start": {
          "line": 5,
          "column": 0
        },
        "end": {
          "line": 15,
          "column": 1
        }
      },
      "1": {
        "start": {
          "line": 6,
          "column": 2
        },
        "end": {
          "line": 8,
          "column": 3
        }
      },
      "2": {
        "start": {
          "line": 7,
          "column": 4
        },
        "end": {
          "line": 7,
          "column": 165
        }
      },
      "3": {
        "start": {
          "line": 9,
          "column": 2
        },
        "end": {
          "line": 9,
          "column": 39
        }
      },
      "4": {
        "start": {
          "line": 10,
          "column": 2
        },
        "end": {
          "line": 10,
          "column": 39
        }
      },
      "5": {
        "start": {
          "line": 11,
          "column": 2
        },
        "end": {
          "line": 13,
          "column": 4
        }
      },
      "6": {
        "start": {
          "line": 12,
          "column": 4
        },
        "end": {
          "line": 12,
          "column": 121
        }
      },
      "7": {
        "start": {
          "line": 14,
          "column": 2
        },
        "end": {
          "line": 14,
          "column": 75
        }
      },
      "8": {
        "start": {
          "line": 16,
          "column": 9
        },
        "end": {
          "line": 16,
          "column": 23
        }
      },
      "9": {
        "start": {
          "line": 23,
          "column": 2
        },
        "end": {
          "line": 23,
          "column": 7
        }
      },
      "10": {
        "start": {
          "line": 24,
          "column": 23
        },
        "end": {
          "line": 24,
          "column": 34
        }
      },
      "11": {
        "start": {
          "line": 25,
          "column": 26
        },
        "end": {
          "line": 25,
          "column": 37
        }
      },
      "12": {
        "start": {
          "line": 26,
          "column": 23
        },
        "end": {
          "line": 26,
          "column": 34
        }
      },
      "13": {
        "start": {
          "line": 27,
          "column": 26
        },
        "end": {
          "line": 27,
          "column": 37
        }
      },
      "14": {
        "start": {
          "line": 28,
          "column": 23
        },
        "end": {
          "line": 28,
          "column": 34
        }
      },
      "15": {
        "start": {
          "line": 29,
          "column": 26
        },
        "end": {
          "line": 29,
          "column": 37
        }
      },
      "16": {
        "start": {
          "line": 30,
          "column": 25
        },
        "end": {
          "line": 30,
          "column": 36
        }
      },
      "17": {
        "start": {
          "line": 31,
          "column": 24
        },
        "end": {
          "line": 31,
          "column": 35
        }
      },
      "18": {
        "start": {
          "line": 32,
          "column": 25
        },
        "end": {
          "line": 32,
          "column": 36
        }
      },
      "19": {
        "start": {
          "line": 33,
          "column": 24
        },
        "end": {
          "line": 33,
          "column": 39
        }
      },
      "20": {
        "start": {
          "line": 34,
          "column": 19
        },
        "end": {
          "line": 34,
          "column": 32
        }
      },
      "21": {
        "start": {
          "line": 35,
          "column": 25
        },
        "end": {
          "line": 35,
          "column": 66
        }
      },
      "22": {
        "start": {
          "line": 35,
          "column": 48
        },
        "end": {
          "line": 35,
          "column": 65
        }
      },
      "23": {
        "start": {
          "line": 36,
          "column": 34
        },
        "end": {
          "line": 49,
          "column": 4
        }
      },
      "24": {
        "start": {
          "line": 54,
          "column": 6
        },
        "end": {
          "line": 54,
          "column": 15
        }
      },
      "25": {
        "start": {
          "line": 55,
          "column": 27
        },
        "end": {
          "line": 138,
          "column": 3
        }
      },
      "26": {
        "start": {
          "line": 64,
          "column": 8
        },
        "end": {
          "line": 64,
          "column": 23
        }
      },
      "27": {
        "start": {
          "line": 68,
          "column": 8
        },
        "end": {
          "line": 68,
          "column": 16
        }
      },
      "28": {
        "start": {
          "line": 69,
          "column": 4
        },
        "end": {
          "line": 106,
          "column": 5
        }
      },
      "29": {
        "start": {
          "line": 70,
          "column": 6
        },
        "end": {
          "line": 74,
          "column": 7
        }
      },
      "30": {
        "start": {
          "line": 71,
          "column": 8
        },
        "end": {
          "line": 71,
          "column": 66
        }
      },
      "31": {
        "start": {
          "line": 72,
          "column": 13
        },
        "end": {
          "line": 74,
          "column": 7
        }
      },
      "32": {
        "start": {
          "line": 73,
          "column": 8
        },
        "end": {
          "line": 73,
          "column": 66
        }
      },
      "33": {
        "start": {
          "line": 75,
          "column": 6
        },
        "end": {
          "line": 79,
          "column": 7
        }
      },
      "34": {
        "start": {
          "line": 76,
          "column": 8
        },
        "end": {
          "line": 76,
          "column": 69
        }
      },
      "35": {
        "start": {
          "line": 77,
          "column": 13
        },
        "end": {
          "line": 79,
          "column": 7
        }
      },
      "36": {
        "start": {
          "line": 78,
          "column": 8
        },
        "end": {
          "line": 78,
          "column": 69
        }
      },
      "37": {
        "start": {
          "line": 80,
          "column": 6
        },
        "end": {
          "line": 84,
          "column": 7
        }
      },
      "38": {
        "start": {
          "line": 81,
          "column": 8
        },
        "end": {
          "line": 81,
          "column": 66
        }
      },
      "39": {
        "start": {
          "line": 82,
          "column": 13
        },
        "end": {
          "line": 84,
          "column": 7
        }
      },
      "40": {
        "start": {
          "line": 83,
          "column": 8
        },
        "end": {
          "line": 83,
          "column": 66
        }
      },
      "41": {
        "start": {
          "line": 85,
          "column": 6
        },
        "end": {
          "line": 89,
          "column": 7
        }
      },
      "42": {
        "start": {
          "line": 86,
          "column": 8
        },
        "end": {
          "line": 86,
          "column": 69
        }
      },
      "43": {
        "start": {
          "line": 87,
          "column": 13
        },
        "end": {
          "line": 89,
          "column": 7
        }
      },
      "44": {
        "start": {
          "line": 88,
          "column": 8
        },
        "end": {
          "line": 88,
          "column": 69
        }
      },
      "45": {
        "start": {
          "line": 90,
          "column": 6
        },
        "end": {
          "line": 94,
          "column": 7
        }
      },
      "46": {
        "start": {
          "line": 91,
          "column": 8
        },
        "end": {
          "line": 91,
          "column": 68
        }
      },
      "47": {
        "start": {
          "line": 92,
          "column": 13
        },
        "end": {
          "line": 94,
          "column": 7
        }
      },
      "48": {
        "start": {
          "line": 93,
          "column": 8
        },
        "end": {
          "line": 93,
          "column": 68
        }
      },
      "49": {
        "start": {
          "line": 95,
          "column": 6
        },
        "end": {
          "line": 99,
          "column": 7
        }
      },
      "50": {
        "start": {
          "line": 96,
          "column": 8
        },
        "end": {
          "line": 96,
          "column": 66
        }
      },
      "51": {
        "start": {
          "line": 97,
          "column": 13
        },
        "end": {
          "line": 99,
          "column": 7
        }
      },
      "52": {
        "start": {
          "line": 98,
          "column": 8
        },
        "end": {
          "line": 98,
          "column": 66
        }
      },
      "53": {
        "start": {
          "line": 100,
          "column": 6
        },
        "end": {
          "line": 104,
          "column": 7
        }
      },
      "54": {
        "start": {
          "line": 101,
          "column": 8
        },
        "end": {
          "line": 101,
          "column": 67
        }
      },
      "55": {
        "start": {
          "line": 102,
          "column": 13
        },
        "end": {
          "line": 104,
          "column": 7
        }
      },
      "56": {
        "start": {
          "line": 103,
          "column": 8
        },
        "end": {
          "line": 103,
          "column": 67
        }
      },
      "57": {
        "start": {
          "line": 105,
          "column": 6
        },
        "end": {
          "line": 105,
          "column": 13
        }
      },
      "58": {
        "start": {
          "line": 107,
          "column": 4
        },
        "end": {
          "line": 107,
          "column": 62
        }
      },
      "59": {
        "start": {
          "line": 108,
          "column": 4
        },
        "end": {
          "line": 108,
          "column": 65
        }
      },
      "60": {
        "start": {
          "line": 109,
          "column": 4
        },
        "end": {
          "line": 109,
          "column": 62
        }
      },
      "61": {
        "start": {
          "line": 110,
          "column": 4
        },
        "end": {
          "line": 110,
          "column": 65
        }
      },
      "62": {
        "start": {
          "line": 111,
          "column": 4
        },
        "end": {
          "line": 111,
          "column": 64
        }
      },
      "63": {
        "start": {
          "line": 112,
          "column": 4
        },
        "end": {
          "line": 112,
          "column": 62
        }
      },
      "64": {
        "start": {
          "line": 113,
          "column": 4
        },
        "end": {
          "line": 113,
          "column": 63
        }
      },
      "65": {
        "start": {
          "line": 114,
          "column": 4
        },
        "end": {
          "line": 128,
          "column": 7
        }
      },
      "66": {
        "start": {
          "line": 129,
          "column": 4
        },
        "end": {
          "line": 134,
          "column": 8
        }
      },
      "67": {
        "start": {
          "line": 135,
          "column": 4
        },
        "end": {
          "line": 135,
          "column": 64
        }
      },
      "68": {
        "start": {
          "line": 136,
          "column": 4
        },
        "end": {
          "line": 136,
          "column": 12
        }
      },
      "69": {
        "start": {
          "line": 137,
          "column": 4
        },
        "end": {
          "line": 137,
          "column": 37
        }
      },
      "70": {
        "start": {
          "line": 139,
          "column": 2
        },
        "end": {
          "line": 143,
          "column": 25
        }
      },
      "71": {
        "start": {
          "line": 140,
          "column": 4
        },
        "end": {
          "line": 142,
          "column": 13
        }
      },
      "72": {
        "start": {
          "line": 141,
          "column": 6
        },
        "end": {
          "line": 141,
          "column": 66
        }
      },
      "73": {
        "start": {
          "line": 147,
          "column": 6
        },
        "end": {
[...]
      "names": [
        "createRef",
        "useEffect",
        "useRef",
        "useState",
        "useForm",
        "useDispatch",
        "useSelector",
        "validateTextInput",
        "addFormCard",
        "MyForm1",
        "_s",
        "inputRefName",
        "inputRefSurname",
        "inputRefData",
        "inputRefCountry",
        "inputRefNews",
        "inputRefNewsSub",
        "inputRefGender",
        "inputRefImage",
        "inputRefSubmit",
        "inputImageRef",
        "dispatch",
        "inputFormValue",
        "state",
        "cards",
        "cardData",
        "setCardData",
        "formValues",
        "nameForm",
        "surname",
        "birthday",
        "country",
        "birthpersonalData",
        "newsletter",
        "myGender",
        "myImage",
        "imagePrev",
        "cardsArray",
        "register",
        "handleSubmit",
        "reset",
        "handleChangeText",
        "data",
        "current",
        "setAttribute",
        "checked",
        "setTimeout",
        "handleFileSelect",
        "event",
        "target",
        "files",
        "file",
        "url",
        "URL",
        "createObjectURL",
        "opacity",
        "length",
        "slice",
        "map",
        "card",
        "i",
        "_c",
        "$RefreshReg$"
      ],
      "sources": [
        "C:/Users/User/Desktop/vite/React2023Q1/my-react-app/src/components/MyForm.tsx"
      ],
      "file": "C:/Users/User/Desktop/vite/React2023Q1/my-react-app/src/components/MyForm.tsx"
    },
    "_coverageSchema": "1a1c01bbd47fc00a2c39e90264f33305004495a9",
    "hash": "6a07a45520b4060435a1b844e879996167834d6d"
  },
  "C:/Users/User/Desktop/vite/React2023Q1/my-react-app/src/pages/Formspage.tsx": {
    "path": "C:/Users/User/Desktop/vite/React2023Q1/my-react-app/src/pages/Formspage.tsx",
    "statementMap": {
      "0": {
        "start": {
          "line": 4,
          "column": 21
        },
        "end": {
          "line": 21,
          "column": 1
        }
      },
      "1": {
        "start": {
          "line": 5,
          "column": 2
        },
        "end": {
          "line": 20,
          "column": 11
        }
      }
    },
    "fnMap": {
      "0": {
        "name": "(anonymous_0)",
        "decl": {
          "start": {
            "line": 4,
            "column": 21
          },
          "end": {
            "line": 4,
            "column": 22
          }
        },
        "loc": {
          "start": {
            "line": 4,
            "column": 27
          },
          "end": {
            "line": 21,
            "column": 1
          }
        },
        "line": 4
      }
    },
    "branchMap": {},
    "s": {
      "0": 2878,
      "1": 1326
    },
    "f": {
      "0": 1326
    },
    "b": {},
    "inputSourceMap": {
      "version": 3,
      "mappings": "AAQM;AANN,OAAO;AACP,OAAOA,YAAY;AAEnB,MAAMC,eAAmBA,MAAM;AAC7B,SACE,uBAAC,SACC;AAAA,2BAAC,QAAG,WAAU,cAAa,wBAA3B;AAAA;AAAA;AAAA;AAAA,WAAmC;AAAA,IACnC,uBAAC,YAAD;AAAA;AAAA;AAAA;AAAA,WAAO;AAAA,OAFT;AAAA;AAAA;AAAA;AAAA,SAGA;AAEJ;AAEA,eAAeA",
      "names": [
        "MyForm",
        "addFormsPage"
      ],
      "sources": [
        "C:/Users/User/Desktop/vite/React2023Q1/my-react-app/src/pages/Formspage.tsx"
      ],
      "file": "C:/Users/User/Desktop/vite/React2023Q1/my-react-app/src/pages/Formspage.tsx"
    },
    "_coverageSchema": "1a1c01bbd47fc00a2c39e90264f33305004495a9",
    "hash": "fe35ecdaff01529bd851364401a71c603c6d13ea"
  },
  "C:/Users/User/Desktop/vite/React2023Q1/my-react-app/src/App.tsx": {
    "path": "C:/Users/User/Desktop/vite/React2023Q1/my-react-app/src/App.tsx",
    "statementMap": {
      "0": {
        "start": {
          "line": 5,
          "column": 0
        },
        "end": {
          "line": 15,
          "column": 1
        }
      },
      "1": {
        "start": {
          "line": 6,
          "column": 2
        },
        "end": {
          "line": 8,
          "column": 3
        }
      },
      "2": {
        "start": {
          "line": 7,
          "column": 4
        },
        "end": {
          "line": 7,
          "column": 165
        }
      },
      "3": {
        "start": {
          "line": 9,
          "column": 2
        },
        "end": {
          "line": 9,
          "column": 39
        }
      },
      "4": {
        "start": {
          "line": 10,
          "column": 2
        },
        "end": {
          "line": 10,
          "column": 39
        }
      },
      "5": {
        "start": {
          "line": 11,
          "column": 2
        },
        "end": {
          "line": 13,
          "column": 4
        }
      },
      "6": {
        "start": {
          "line": 12,
          "column": 4
        },
        "end": {
          "line": 12,
          "column": 107
        }
      },
      "7": {
        "start": {
          "line": 14,
          "column": 2
        },
        "end": {
          "line": 14,
          "column": 75
        }
      },
      "8": {
        "start": {
          "line": 24,
          "column": 2
        },
        "end": {
          "line": 81,
          "column": 11
        }
      },
      "9": {
        "start": {
          "line": 83,
          "column": 0
        },
        "end": {
          "line": 83,
          "column": 9
        }
      },
      "10": {
        "start": {
          "line": 86,
          "column": 0
        },
        "end": {
          "line": 86,
          "column": 24
        }
      },
      "11": {
        "start": {
          "line": 87,
          "column": 0
        },
        "end": {
          "line": 100,
          "column": 1
        }
      },
      "12": {
        "start": {
          "line": 88,
          "column": 2
        },
        "end": {
          "line": 88,
          "column": 39
        }
      },
      "13": {
        "start": {
          "line": 89,
          "column": 2
        },
        "end": {
          "line": 89,
          "column": 39
        }
      },
      "14": {
        "start": {
          "line": 90,
          "column": 2
        },
        "end": {
          "line": 99,
          "column": 5
        }
      },
      "15": {
        "start": {
          "line": 91,
          "column": 4
        },
        "end": {
          "line": 91,
          "column": 133
        }
      },
      "16": {
        "start": {
          "line": 92,
          "column": 4
        },
        "end": {
          "line": 98,
          "column": 7
        }
      },
      "17": {
        "start": {
          "line": 93,
          "column": 6
        },
        "end": {
          "line": 94,
          "column": 15
        }
      },
      "18": {
        "start": {
          "line": 94,
          "column": 8
        },
        "end": {
          "line": 94,
          "column": 15
        }
      },
      "19": {
        "start": {
          "line": 95,
          "column": 32
        },
        "end": {
          "line": 95,
          "column": 115
        }
      },
      "20": {
        "start": {
          "line": 96,
          "column": 6
        },
        "end": {
          "line": 97,
          "column": 54
        }
      },
      "21": {
        "start": {
          "line": 97,
          "column": 8
        },
        "end": {
          "line": 97,
          "column": 54
        }
      }
    },
    "fnMap": {
      "0": {
        "name": "(anonymous_0)",
        "decl": {
          "start": {
            "line": 11,
            "column": 24
          },
          "end": {
            "line": 11,
            "column": 25
          }
        },
        "loc": {
          "start": {
            "line": 11,
            "column": 38
          },
          "end": {
            "line": 13,
            "column": 3
          }
        },
        "line": 11
      },
      "1": {
        "name": "App",
        "decl": {
          "start": {
            "line": 23,
            "column": 9
          },
          "end": {
            "line": 23,
            "column": 12
          }
        },
        "loc": {
          "start": {
            "line": 23,
            "column": 15
          },
          "end": {
            "line": 82,
            "column": 1
          }
        },
        "line": 23
      },
      "2": {
        "name": "(anonymous_2)",
        "decl": {
          "start": {
            "line": 90,
            "column": 52
          },
          "end": {
            "line": 90,
            "column": 53
          }
        },
        "loc": {
          "start": {
            "line": 90,
            "column": 72
          },
          "end": {
            "line": 99,
            "column": 3
          }
        },
        "line": 90
      },
      "3": {
        "name": "(anonymous_3)",
        "decl": {
          "start": {
            "line": 92,
            "column": 27
          },
          "end": {
            "line": 92,
            "column": 28
          }
        },
        "loc": {
          "start": {
            "line": 92,
            "column": 44
          },
          "end": {
            "line": 98,
            "column": 5
          }
        },
        "line": 92
      }
    },
    "branchMap": {
      "0": {
        "loc": {
          "start": {
            "line": 5,
            "column": 0
          },
          "end": {
            "line": 15,
            "column": 1
          }
        },
        "type": "if",
        "locations": [
          {
            "start": {
              "line": 5,
              "column": 0
            },
            "end": {
              "line": 15,
              "column": 1
            }
          },
          {
            "start": {},
            "end": {}
          }
        ],
        "line": 5
      },
      "1": {
        "loc": {
          "start": {
            "line": 6,
            "column": 2
          },
          "end": {
            "line": 8,
            "column": 3
          }
        },
        "type": "if",
        "locations": [
          {
            "start": {
              "line": 6,
              "column": 2
            },
            "end": {
              "line": 8,
              "column": 3
            }
          },
          {
            "start": {},
            "end": {}
          }
        ],
        "line": 6
      },
      "2": {
        "loc": {
          "start": {
            "line": 87,
            "column": 0
          },
          "end": {
            "line": 100,
            "column": 1
          }
        },
        "type": "if",
        "locations": [
          {
            "start": {
              "line": 87,
              "column": 0
            },
            "end": {
              "line": 100,
              "column": 1
            }
          },
          {
            "start": {},
            "end": {}
          }
        ],
        "line": 87
      },
      "3": {
        "loc": {
          "start": {
            "line": 93,
            "column": 6
          },
          "end": {
            "line": 94,
            "column": 15
          }
        },
        "type": "if",
        "locations": [
          {
            "start": {
              "line": 93,
              "column": 6
            },
            "end": {
              "line": 94,
              "column": 15
            }
          },
          {
            "start": {},
            "end": {}
          }
        ],
        "line": 93
      },
      "4": {
        "loc": {
          "start": {
            "line": 96,
            "column": 6
          },
          "end": {
            "line": 97,
            "column": 54
          }
        },
        "type": "if",
        "locations": [
          {
            "start": {
              "line": 96,
              "column": 6
            },
            "end": {
              "line": 97,
              "column": 54
            }
          },
          {
            "start": {},
            "end": {}
          }
        ],
        "line": 96
      }
    },
    "s": {
      "0": 2878,
      "1": 2878,
      "2": 0,
      "3": 2878,
      "4": 2878,
      "5": 2878,
      "6": 2878,
      "7": 2878,
      "8": 6786,
      "9": 2878,
      "10": 2878,
      "11": 2878,
      "12": 2878,
      "13": 2878,
      "14": 2878,
      "15": 2434,
      "16": 2434,
      "17": 0,
      "18": 0,
      "19": 0,
      "20": 0,
      "21": 0
    },
    "f": {
      "0": 2878,
      "1": 6786,
      "2": 2434,
      "3": 0
    },
    "b": {
      "0": [
        2878,
        0
      ],
      "1": [
        0,
        2878
      ],
      "2": [
        2878,
        0
      ],
      "3": [
        0,
        0
      ],
      "4": [
        0,
        0
      ]
    },
    "inputSourceMap": {
      "version": 3,
      "mappings": "AAWI,mBACE,cADF;AAXJ,OAAOA,oBAAkB;AAAA;AAAA;AAAA;AAAA;AAAA;AAAA;AAAA;AAAA;AAAA;AAAA;AAAA;AAAA;AAAA;AACzB,SAASC,OAAOC,cAAc;AAC9B,OAAOC,YAAY;AACnB,OAAOC,YAAY;AACnB,OAAOC,cAAc;AACrB,OAAOC,eAAe;AACtB,OAAOC,eAAe;AACtB,OAAOC,eAAe;AAEtB,SAASC,MAAM;AACb,SACE,mCACE;AAAA,2BAAC,YAAD;AAAA;AAAA;AAAA;AAAA,WAAO;AAAA,IACP,uBAAC,UACC;AAAA,6BAAC,SAAM,MAAK,KAAI,SAAS,uBAAC,cAAD;AAAA;AAAA;AAAA;AAAA,aAAS,KAAlC;AAAA;AAAA;AAAA;AAAA,aAAsC;AAAA,MACtC,uBAAC,SAAM,MAAK,UAAS,SAAS,uBAAC,eAAD;AAAA;AAAA;AAAA;AAAA,aAAU,KAAxC;AAAA;AAAA;AAAA;AAAA,aAA4C;AAAA,MAC5C,uBAAC,SAAM,MAAK,KAAI,SAAS,uBAAC,eAAD;AAAA;AAAA;AAAA;AAAA,aAAU,KAAnC;AAAA;AAAA;AAAA;AAAA,aAAuC;AAAA,MACvC,uBAAC,SAAM,MAAK,UAAS,SAAS,uBAAC,eAAD;AAAA;AAAA;AAAA;AAAA,aAAU,KAAxC;AAAA;AAAA;AAAA;AAAA,aAA4C;AAAA,SAJ9C;AAAA;AAAA;AAAA;AAAA,WAKA;AAAA,IACA,uBAAC,YAAD;AAAA;AAAA;AAAA;AAAA,WAAO;AAAA,OART;AAAA;AAAA;AAAA;AAAA,SASA;AAEJ;AAACC,KAbQD;AAeT,eAAeA;AAAI;AAAAE",
      "names": [
        "React",
        "Route",
        "Routes",
        "Header",
        "Footer",
        "MainPage",
        "AboutPage",
        "ErrorPage",
        "FormsPage",
        "App",
        "_c",
        "$RefreshReg$"
      ],
      "sources": [
        "C:/Users/User/Desktop/vite/React2023Q1/my-react-app/src/App.tsx"
      ],
      "file": "C:/Users/User/Desktop/vite/React2023Q1/my-react-app/src/App.tsx"
    },
    "_coverageSchema": "1a1c01bbd47fc00a2c39e90264f33305004495a9",
    "hash": "7a89bd47fd6b3f52d3b0811e636b5cb4a460e5c3"
  },
  "C:/Users/User/Desktop/vite/React2023Q1/my-react-app/src/store/store.ts": {
    "path": "C:/Users/User/Desktop/vite/React2023Q1/my-react-app/src/store/store.ts",
    "statementMap": {
      "0": {
        "start": {
          "line": 6,
          "column": 21
        },
        "end": {
          "line": 14,
          "column": 2
        }
      },
      "1": {
        "start": {
          "line": 13,
          "column": 40
        },
        "end": {
          "line": 13,
          "column": 109
        }
      }
    },
    "fnMap": {
      "0": {
        "name": "(anonymous_0)",
        "decl": {
          "start": {
            "line": 13,
            "column": 14
          },
          "end": {
            "line": 13,
            "column": 15
          }
        },
        "loc": {
          "start": {
            "line": 13,
            "column": 40
          },
          "end": {
            "line": 13,
            "column": 109
          }
        },
        "line": 13
      }
    },
    "branchMap": {},
    "s": {
      "0": 2878,
      "1": 2878
    },
    "f": {
      "0": 2878
    },
    "b": {},
    "inputSourceMap": {
      "version": 3,
      "sources": [
        "C:/Users/User/Desktop/vite/React2023Q1/my-react-app/src/store/store.ts"
      ],
      "mappings": "AAAA,SAAS,sBAAsB;AAC/B,OAAO,mBAAmB;AAC1B,SAAS,eAAe;AACxB,SAAS,eAAe;AACxB,OAAO,iBAAiB;AAEjB,aAAM,QAAQ,eAAe;AAAA,EAClC,SAAS;AAAA,IACP,QAAQ;AAAA,IACR,OAAO;AAAA,IACP,CAAC,QAAQ,WAAW,GAAG,QAAQ;AAAA,IAC/B,CAAC,QAAQ,WAAW,GAAG,QAAQ;AAAA,EACjC;AAAA,EACA,YAAY,CAAC,yBACX,qBAAqB,EAAE,OAAO,QAAQ,YAAY,QAAQ,UAAU;AACxE,CAAC;",
      "names": []
    },
    "_coverageSchema": "1a1c01bbd47fc00a2c39e90264f33305004495a9",
    "hash": "6f04be42f4fa57bb490a50e6559c1a53dae31150"
  },
  "C:/Users/User/Desktop/vite/React2023Q1/my-react-app/src/entry-client.tsx": {
    "path": "C:/Users/User/Desktop/vite/React2023Q1/my-react-app/src/entry-client.tsx",
    "statementMap": {
      "0": {
        "start": {
          "line": 8,
          "column": 0
        },
        "end": {
          "line": 24,
          "column": 10
        }
      }
    },
    "fnMap": {},
    "branchMap": {},
    "s": {
      "0": 2878
    },
    "f": {},
    "b": {},
    "inputSourceMap": {
      "version": 3,
      "mappings": "AAcQ;AAdR,OAAOA,WAAW;AAClB,SAASC,mBAAmB;AAC5B,SAASC,qBAAqB;AAE9B,SAASC,gBAAgB;AACzB,OAAOC,SAAS;AAEhB,SAASC,aAAa;AAEtBJ,YACEK,SAASC,eAAe,MAAM,GAC9B,uBAAC,MAAM,YAAN,EACC,iCAAC,YAAS,OACR,iCAAC,iBACC,iCAAC,SAAD;AAAA;AAAA;AAAA;AAAA,OAAI,KADN;AAAA;AAAA;AAAA;AAAA,OAEA,KAHF;AAAA;AAAA;AAAA;AAAA,OAIA,KALF;AAAA;AAAA;AAAA;AAAA,OAMA,CAAmB",
      "names": [
        "React",
        "hydrateRoot",
        "BrowserRouter",
        "Provider",
        "App",
        "store",
        "document",
        "getElementById"
      ],
      "sources": [
        "C:/Users/User/Desktop/vite/React2023Q1/my-react-app/src/entry-client.tsx"
      ],
      "file": "C:/Users/User/Desktop/vite/React2023Q1/my-react-app/src/entry-client.tsx"
    },
    "_coverageSchema": "1a1c01bbd47fc00a2c39e90264f33305004495a9",
    "hash": "11dc534f4d56d1a4b5bc932aa144b301e762ff40"
  },
  "C:/Users/User/Desktop/vite/React2023Q1/my-react-app/src/entry-server.tsx": {
    "path": "C:/Users/User/Desktop/vite/React2023Q1/my-react-app/src/entry-server.tsx",
    "statementMap": {},
    "fnMap": {},
    "branchMap": {},
    "s": {},
    "f": {},
    "b": {}
  },
  "C:/Users/User/Desktop/vite/React2023Q1/my-react-app/src/index.tsx": {
    "path": "C:/Users/User/Desktop/vite/React2023Q1/my-react-app/src/index.tsx",
    "statementMap": {},
    "fnMap": {},
    "branchMap": {},
    "s": {},
    "f": {},
    "b": {}
  },
  "C:/Users/User/Desktop/vite/React2023Q1/my-react-app/src/reportWebVitals.ts": {
    "path": "C:/Users/User/Desktop/vite/React2023Q1/my-react-app/src/reportWebVitals.ts",
    "statementMap": {},
    "fnMap": {},
    "branchMap": {},
    "s": {},
    "f": {},
    "b": {}
  },
  "C:/Users/User/Desktop/vite/React2023Q1/my-react-app/src/components/Main.tsx": {
    "path": "C:/Users/User/Desktop/vite/React2023Q1/my-react-app/src/components/Main.tsx",
    "statementMap": {},
    "fnMap": {},
    "branchMap": {},
    "s": {},
    "f": {},
    "b": {}
  },
  "C:/Users/User/Desktop/vite/React2023Q1/my-react-app/src/components/Router.tsx": {
    "path": "C:/Users/User/Desktop/vite/React2023Q1/my-react-app/src/components/Router.tsx",
    "statementMap": {},
    "fnMap": {},
    "branchMap": {},
    "s": {},
    "f": {},
    "b": {}
  }
}
